This is pdfTeX, Version 3.14159265-2.6-1.40.20 (MiKTeX 2.9.7000) (preloaded format=pdflatex 2019.6.15)  17 NOV 2019 08:39
entering extended mode
**./apresentacao.tex
(apresentacao.tex
LaTeX2e <2018-12-01>
(/home/eduardo/.miktex/texmfs/install/tex/latex/beamer/beamer.cls
Document Class: beamer 2018/12/02 v3.55 A class for typesetting presentations
(/home/eduardo/.miktex/texmfs/install/tex/latex/beamer/beamerbasemodes.sty
(/home/eduardo/.miktex/texmfs/install/tex/latex/etoolbox/etoolbox.sty
Package: etoolbox 2018/08/19 v2.5f e-TeX tools for LaTeX (JAW)
\etb@tempcnta=\count80
)
\beamer@tempbox=\box27
\beamer@tempcount=\count81
\c@beamerpauses=\count82

(/home/eduardo/.miktex/texmfs/install/tex/latex/beamer/beamerbasedecode.sty
\beamer@slideinframe=\count83
\beamer@minimum=\count84
)
\beamer@commentbox=\box28
\beamer@modecount=\count85
)
(/home/eduardo/.miktex/texmfs/install/tex/generic/oberdiek/ifpdf.sty
Package: ifpdf 2018/09/07 v3.3 Provides the ifpdf switch
)
\headdp=\dimen102
\footheight=\dimen103
\sidebarheight=\dimen104
\beamer@tempdim=\dimen105
\beamer@finalheight=\dimen106
\beamer@animht=\dimen107
\beamer@animdp=\dimen108
\beamer@animwd=\dimen109
\beamer@leftmargin=\dimen110
\beamer@rightmargin=\dimen111
\beamer@leftsidebar=\dimen112
\beamer@rightsidebar=\dimen113
\beamer@boxsize=\dimen114
\beamer@vboxoffset=\dimen115
\beamer@descdefault=\dimen116
\beamer@descriptionwidth=\dimen117
\beamer@lastskip=\skip41
\beamer@areabox=\box29
\beamer@animcurrent=\box30
\beamer@animshowbox=\box31
\beamer@sectionbox=\box32
\beamer@logobox=\box33
\beamer@linebox=\box34
\beamer@sectioncount=\count86
\beamer@subsubsectionmax=\count87
\beamer@subsectionmax=\count88
\beamer@sectionmax=\count89
\beamer@totalheads=\count90
\beamer@headcounter=\count91
\beamer@partstartpage=\count92
\beamer@sectionstartpage=\count93
\beamer@subsectionstartpage=\count94
\beamer@animationtempa=\count95
\beamer@animationtempb=\count96
\beamer@xpos=\count97
\beamer@ypos=\count98
\beamer@ypos@offset=\count99
\beamer@showpartnumber=\count100
\beamer@currentsubsection=\count101
\beamer@coveringdepth=\count102
\beamer@sectionadjust=\count103
\beamer@tocsectionnumber=\count104

(/home/eduardo/.miktex/texmfs/install/tex/latex/beamer/beamerbaseoptions.sty
(/usr/local/share/miktex-texmf/tex/latex/graphics/keyval.sty
Package: keyval 2014/10/28 v1.15 key=value parser (DPC)
\KV@toks@=\toks14
))
\beamer@paperwidth=\skip42
\beamer@paperheight=\skip43

(/usr/local/share/miktex-texmf/tex/latex/geometry/geometry.sty
Package: geometry 2018/04/16 v5.8 Page Geometry

(/home/eduardo/.miktex/texmfs/install/tex/generic/oberdiek/ifvtex.sty
Package: ifvtex 2016/05/16 v1.6 Detect VTeX and its facilities (HO)
Package ifvtex Info: VTeX not detected.
)
(/usr/local/share/miktex-texmf/tex/generic/ifxetex/ifxetex.sty
Package: ifxetex 2010/09/12 v0.6 Provides ifxetex conditional
)
\Gm@cnth=\count105
\Gm@cntv=\count106
\c@Gm@tempcnt=\count107
\Gm@bindingoffset=\dimen118
\Gm@wd@mp=\dimen119
\Gm@odd@mp=\dimen120
\Gm@even@mp=\dimen121
\Gm@layoutwidth=\dimen122
\Gm@layoutheight=\dimen123
\Gm@layouthoffset=\dimen124
\Gm@layoutvoffset=\dimen125
\Gm@dimlist=\toks15

(/usr/local/share/miktex-texmf/tex/latex/geometry/geometry.cfg))
(/usr/local/share/miktex-texmf/tex/latex/base/size11.clo
File: size11.clo 2018/09/03 v1.4i Standard LaTeX file (size option)
)
(/home/eduardo/.miktex/texmfs/install/tex/latex/pgf/basiclayer/pgfcore.sty
(/usr/local/share/miktex-texmf/tex/latex/graphics/graphicx.sty
Package: graphicx 2017/06/01 v1.1a Enhanced LaTeX Graphics (DPC,SPQR)

(/usr/local/share/miktex-texmf/tex/latex/graphics/graphics.sty
Package: graphics 2017/06/25 v1.2c Standard LaTeX Graphics (DPC,SPQR)

(/usr/local/share/miktex-texmf/tex/latex/graphics/trig.sty
Package: trig 2016/01/03 v1.10 sin cos tan (DPC)
)
(/usr/local/share/miktex-texmf/tex/latex/graphics-cfg/graphics.cfg
File: graphics.cfg 2016/06/04 v1.11 sample graphics configuration
)
Package graphics Info: Driver file: pdftex.def on input line 99.

(/usr/local/share/miktex-texmf/tex/latex/graphics-def/pdftex.def
File: pdftex.def 2018/01/08 v1.0l Graphics/color driver for pdftex
))
\Gin@req@height=\dimen126
\Gin@req@width=\dimen127
)
(/home/eduardo/.miktex/texmfs/install/tex/latex/pgf/systemlayer/pgfsys.sty
(/home/eduardo/.miktex/texmfs/install/tex/latex/pgf/utilities/pgfrcs.sty
(/home/eduardo/.miktex/texmfs/install/tex/generic/pgf/utilities/pgfutil-common.
tex
\pgfutil@everybye=\toks16
\pgfutil@tempdima=\dimen128
\pgfutil@tempdimb=\dimen129

(/home/eduardo/.miktex/texmfs/install/tex/generic/pgf/utilities/pgfutil-common-
lists.tex))
(/home/eduardo/.miktex/texmfs/install/tex/generic/pgf/utilities/pgfutil-latex.d
ef
\pgfutil@abb=\box35
 (/home/eduardo/.miktex/texmfs/install/tex/latex/ms/everyshi.sty
Package: everyshi 2001/05/15 v3.00 EveryShipout Package (MS)
))
(/home/eduardo/.miktex/texmfs/install/tex/generic/pgf/utilities/pgfrcs.code.tex
(/home/eduardo/.miktex/texmfs/install/tex/generic/pgf/pgf.revision.tex)
Package: pgfrcs 2019/05/09 v3.1.3 (3.1.3)
))
(/home/eduardo/.miktex/texmfs/install/tex/generic/pgf/systemlayer/pgfsys.code.t
ex
Package: pgfsys 2019/05/09 v3.1.3 (3.1.3)

(/home/eduardo/.miktex/texmfs/install/tex/generic/pgf/utilities/pgfkeys.code.te
x
\pgfkeys@pathtoks=\toks17
\pgfkeys@temptoks=\toks18

(/home/eduardo/.miktex/texmfs/install/tex/generic/pgf/utilities/pgfkeysfiltered
.code.tex
\pgfkeys@tmptoks=\toks19
))
\pgf@x=\dimen130
\pgf@y=\dimen131
\pgf@xa=\dimen132
\pgf@ya=\dimen133
\pgf@xb=\dimen134
\pgf@yb=\dimen135
\pgf@xc=\dimen136
\pgf@yc=\dimen137
\pgf@xd=\dimen138
\pgf@yd=\dimen139
\w@pgf@writea=\write3
\r@pgf@reada=\read1
\c@pgf@counta=\count108
\c@pgf@countb=\count109
\c@pgf@countc=\count110
\c@pgf@countd=\count111
\t@pgf@toka=\toks20
\t@pgf@tokb=\toks21
\t@pgf@tokc=\toks22
\pgf@sys@id@count=\count112

(/home/eduardo/.miktex/texmfs/install/tex/generic/pgf/systemlayer/pgf.cfg
File: pgf.cfg 2019/05/09 v3.1.3 (3.1.3)
)
Driver file for pgf: pgfsys-pdftex.def

(/home/eduardo/.miktex/texmfs/install/tex/generic/pgf/systemlayer/pgfsys-pdftex
.def
File: pgfsys-pdftex.def 2019/05/09 v3.1.3 (3.1.3)

(/home/eduardo/.miktex/texmfs/install/tex/generic/pgf/systemlayer/pgfsys-common
-pdf.def
File: pgfsys-common-pdf.def 2019/05/09 v3.1.3 (3.1.3)
)))
(/home/eduardo/.miktex/texmfs/install/tex/generic/pgf/systemlayer/pgfsyssoftpat
h.code.tex
File: pgfsyssoftpath.code.tex 2019/05/09 v3.1.3 (3.1.3)
\pgfsyssoftpath@smallbuffer@items=\count113
\pgfsyssoftpath@bigbuffer@items=\count114
)
(/home/eduardo/.miktex/texmfs/install/tex/generic/pgf/systemlayer/pgfsysprotoco
l.code.tex
File: pgfsysprotocol.code.tex 2019/05/09 v3.1.3 (3.1.3)
)) (/home/eduardo/.miktex/texmfs/install/tex/latex/xcolor/xcolor.sty
Package: xcolor 2016/05/11 v2.12 LaTeX color extensions (UK)

(/usr/local/share/miktex-texmf/tex/latex/graphics-cfg/color.cfg
File: color.cfg 2016/01/02 v1.6 sample color configuration
)
Package xcolor Info: Driver file: pdftex.def on input line 225.
Package xcolor Info: Model `cmy' substituted by `cmy0' on input line 1348.
Package xcolor Info: Model `hsb' substituted by `rgb' on input line 1352.
Package xcolor Info: Model `RGB' extended on input line 1364.
Package xcolor Info: Model `HTML' substituted by `rgb' on input line 1366.
Package xcolor Info: Model `Hsb' substituted by `hsb' on input line 1367.
Package xcolor Info: Model `tHsb' substituted by `hsb' on input line 1368.
Package xcolor Info: Model `HSB' substituted by `hsb' on input line 1369.
Package xcolor Info: Model `Gray' substituted by `gray' on input line 1370.
Package xcolor Info: Model `wave' substituted by `hsb' on input line 1371.
)
(/home/eduardo/.miktex/texmfs/install/tex/generic/pgf/basiclayer/pgfcore.code.t
ex
Package: pgfcore 2019/05/09 v3.1.3 (3.1.3)
 (/home/eduardo/.miktex/texmfs/install/tex/generic/pgf/math/pgfmath.code.tex
(/home/eduardo/.miktex/texmfs/install/tex/generic/pgf/math/pgfmathcalc.code.tex

(/home/eduardo/.miktex/texmfs/install/tex/generic/pgf/math/pgfmathutil.code.tex
)
(/home/eduardo/.miktex/texmfs/install/tex/generic/pgf/math/pgfmathparser.code.t
ex
\pgfmath@dimen=\dimen140
\pgfmath@count=\count115
\pgfmath@box=\box36
\pgfmath@toks=\toks23
\pgfmath@stack@operand=\toks24
\pgfmath@stack@operation=\toks25
)
(/home/eduardo/.miktex/texmfs/install/tex/generic/pgf/math/pgfmathfunctions.cod
e.tex
(/home/eduardo/.miktex/texmfs/install/tex/generic/pgf/math/pgfmathfunctions.bas
ic.code.tex)
(/home/eduardo/.miktex/texmfs/install/tex/generic/pgf/math/pgfmathfunctions.tri
gonometric.code.tex)
(/home/eduardo/.miktex/texmfs/install/tex/generic/pgf/math/pgfmathfunctions.ran
dom.code.tex)
(/home/eduardo/.miktex/texmfs/install/tex/generic/pgf/math/pgfmathfunctions.com
parison.code.tex)
(/home/eduardo/.miktex/texmfs/install/tex/generic/pgf/math/pgfmathfunctions.bas
e.code.tex)
(/home/eduardo/.miktex/texmfs/install/tex/generic/pgf/math/pgfmathfunctions.rou
nd.code.tex)
(/home/eduardo/.miktex/texmfs/install/tex/generic/pgf/math/pgfmathfunctions.mis
c.code.tex)
(/home/eduardo/.miktex/texmfs/install/tex/generic/pgf/math/pgfmathfunctions.int
egerarithmetics.code.tex)))
(/home/eduardo/.miktex/texmfs/install/tex/generic/pgf/math/pgfmathfloat.code.te
x
\c@pgfmathroundto@lastzeros=\count116
)) (/home/eduardo/.miktex/texmfs/install/tex/generic/pgf/math/pgfint.code.tex)
(/home/eduardo/.miktex/texmfs/install/tex/generic/pgf/basiclayer/pgfcorepoints.
code.tex
File: pgfcorepoints.code.tex 2019/05/09 v3.1.3 (3.1.3)
\pgf@picminx=\dimen141
\pgf@picmaxx=\dimen142
\pgf@picminy=\dimen143
\pgf@picmaxy=\dimen144
\pgf@pathminx=\dimen145
\pgf@pathmaxx=\dimen146
\pgf@pathminy=\dimen147
\pgf@pathmaxy=\dimen148
\pgf@xx=\dimen149
\pgf@xy=\dimen150
\pgf@yx=\dimen151
\pgf@yy=\dimen152
\pgf@zx=\dimen153
\pgf@zy=\dimen154
)
(/home/eduardo/.miktex/texmfs/install/tex/generic/pgf/basiclayer/pgfcorepathcon
struct.code.tex
File: pgfcorepathconstruct.code.tex 2019/05/09 v3.1.3 (3.1.3)
\pgf@path@lastx=\dimen155
\pgf@path@lasty=\dimen156
)
(/home/eduardo/.miktex/texmfs/install/tex/generic/pgf/basiclayer/pgfcorepathusa
ge.code.tex
File: pgfcorepathusage.code.tex 2019/05/09 v3.1.3 (3.1.3)
\pgf@shorten@end@additional=\dimen157
\pgf@shorten@start@additional=\dimen158
)
(/home/eduardo/.miktex/texmfs/install/tex/generic/pgf/basiclayer/pgfcorescopes.
code.tex
File: pgfcorescopes.code.tex 2019/05/09 v3.1.3 (3.1.3)
\pgfpic=\box37
\pgf@hbox=\box38
\pgf@layerbox@main=\box39
\pgf@picture@serial@count=\count117
)
(/home/eduardo/.miktex/texmfs/install/tex/generic/pgf/basiclayer/pgfcoregraphic
state.code.tex
File: pgfcoregraphicstate.code.tex 2019/05/09 v3.1.3 (3.1.3)
\pgflinewidth=\dimen159
)
(/home/eduardo/.miktex/texmfs/install/tex/generic/pgf/basiclayer/pgfcoretransfo
rmations.code.tex
File: pgfcoretransformations.code.tex 2019/05/09 v3.1.3 (3.1.3)
\pgf@pt@x=\dimen160
\pgf@pt@y=\dimen161
\pgf@pt@temp=\dimen162
)
(/home/eduardo/.miktex/texmfs/install/tex/generic/pgf/basiclayer/pgfcorequick.c
ode.tex
File: pgfcorequick.code.tex 2019/05/09 v3.1.3 (3.1.3)
)
(/home/eduardo/.miktex/texmfs/install/tex/generic/pgf/basiclayer/pgfcoreobjects
.code.tex
File: pgfcoreobjects.code.tex 2019/05/09 v3.1.3 (3.1.3)
)
(/home/eduardo/.miktex/texmfs/install/tex/generic/pgf/basiclayer/pgfcorepathpro
cessing.code.tex
File: pgfcorepathprocessing.code.tex 2019/05/09 v3.1.3 (3.1.3)
)
(/home/eduardo/.miktex/texmfs/install/tex/generic/pgf/basiclayer/pgfcorearrows.
code.tex
File: pgfcorearrows.code.tex 2019/05/09 v3.1.3 (3.1.3)
\pgfarrowsep=\dimen163
)
(/home/eduardo/.miktex/texmfs/install/tex/generic/pgf/basiclayer/pgfcoreshade.c
ode.tex
File: pgfcoreshade.code.tex 2019/05/09 v3.1.3 (3.1.3)
\pgf@max=\dimen164
\pgf@sys@shading@range@num=\count118
\pgf@shadingcount=\count119
)
(/home/eduardo/.miktex/texmfs/install/tex/generic/pgf/basiclayer/pgfcoreimage.c
ode.tex
File: pgfcoreimage.code.tex 2019/05/09 v3.1.3 (3.1.3)

(/home/eduardo/.miktex/texmfs/install/tex/generic/pgf/basiclayer/pgfcoreexterna
l.code.tex
File: pgfcoreexternal.code.tex 2019/05/09 v3.1.3 (3.1.3)
\pgfexternal@startupbox=\box40
))
(/home/eduardo/.miktex/texmfs/install/tex/generic/pgf/basiclayer/pgfcorelayers.
code.tex
File: pgfcorelayers.code.tex 2019/05/09 v3.1.3 (3.1.3)
)
(/home/eduardo/.miktex/texmfs/install/tex/generic/pgf/basiclayer/pgfcoretranspa
rency.code.tex
File: pgfcoretransparency.code.tex 2019/05/09 v3.1.3 (3.1.3)
)
(/home/eduardo/.miktex/texmfs/install/tex/generic/pgf/basiclayer/pgfcorepattern
s.code.tex
File: pgfcorepatterns.code.tex 2019/05/09 v3.1.3 (3.1.3)
)
(/home/eduardo/.miktex/texmfs/install/tex/generic/pgf/basiclayer/pgfcorerdf.cod
e.tex
File: pgfcorerdf.code.tex 2019/05/09 v3.1.3 (3.1.3)
)))
(/home/eduardo/.miktex/texmfs/install/tex/latex/pgf/utilities/xxcolor.sty
Package: xxcolor 2003/10/24 ver 0.1
\XC@nummixins=\count120
\XC@countmixins=\count121
)
(/home/eduardo/.miktex/texmfs/install/tex/generic/oberdiek/atbegshi.sty
Package: atbegshi 2016/06/09 v1.18 At begin shipout hook (HO)

(/home/eduardo/.miktex/texmfs/install/tex/generic/oberdiek/infwarerr.sty
Package: infwarerr 2016/05/16 v1.4 Providing info/warning/error messages (HO)
)
(/home/eduardo/.miktex/texmfs/install/tex/generic/oberdiek/ltxcmds.sty
Package: ltxcmds 2016/05/16 v1.23 LaTeX kernel commands for general use (HO)
))
(/usr/local/share/miktex-texmf/tex/latex/hyperref/hyperref.sty
Package: hyperref 2018/11/30 v6.88e Hypertext links for LaTeX

(/home/eduardo/.miktex/texmfs/install/tex/generic/oberdiek/hobsub-hyperref.sty
Package: hobsub-hyperref 2016/05/16 v1.14 Bundle oberdiek, subset hyperref (HO)


(/home/eduardo/.miktex/texmfs/install/tex/generic/oberdiek/hobsub-generic.sty
Package: hobsub-generic 2016/05/16 v1.14 Bundle oberdiek, subset generic (HO)
Package: hobsub 2016/05/16 v1.14 Construct package bundles (HO)
Package hobsub Info: Skipping package `infwarerr' (already loaded).
Package hobsub Info: Skipping package `ltxcmds' (already loaded).
Package: ifluatex 2016/05/16 v1.4 Provides the ifluatex switch (HO)
Package ifluatex Info: LuaTeX not detected.
Package hobsub Info: Skipping package `ifvtex' (already loaded).
Package: intcalc 2016/05/16 v1.2 Expandable calculations with integers (HO)
Package hobsub Info: Skipping package `ifpdf' (already loaded).
Package: etexcmds 2016/05/16 v1.6 Avoid name clashes with e-TeX commands (HO)
Package: kvsetkeys 2016/05/16 v1.17 Key value parser (HO)
Package: kvdefinekeys 2016/05/16 v1.4 Define keys (HO)
Package: pdftexcmds 2018/09/10 v0.29 Utility functions of pdfTeX for LuaTeX (HO
)
Package pdftexcmds Info: LuaTeX not detected.
Package pdftexcmds Info: \pdf@primitive is available.
Package pdftexcmds Info: \pdf@ifprimitive is available.
Package pdftexcmds Info: \pdfdraftmode found.
Package: pdfescape 2016/05/16 v1.14 Implements pdfTeX's escape features (HO)
Package: bigintcalc 2016/05/16 v1.4 Expandable calculations on big integers (HO
)
Package: bitset 2016/05/16 v1.2 Handle bit-vector datatype (HO)
Package: uniquecounter 2016/05/16 v1.3 Provide unlimited unique counter (HO)
)
Package hobsub Info: Skipping package `hobsub' (already loaded).
Package: letltxmacro 2016/05/16 v1.5 Let assignment for LaTeX macros (HO)
Package: hopatch 2016/05/16 v1.3 Wrapper for package hooks (HO)
Package: xcolor-patch 2016/05/16 xcolor patch
Package: atveryend 2016/05/16 v1.9 Hooks at the very end of document (HO)
Package hobsub Info: Skipping package `atbegshi' (already loaded).
Package: refcount 2016/05/16 v3.5 Data extraction from label references (HO)
Package: hycolor 2016/05/16 v1.8 Color options for hyperref/bookmark (HO)
) (/home/eduardo/.miktex/texmfs/install/tex/latex/oberdiek/auxhook.sty
Package: auxhook 2016/05/16 v1.4 Hooks for auxiliary files (HO)
)
(/home/eduardo/.miktex/texmfs/install/tex/latex/oberdiek/kvoptions.sty
Package: kvoptions 2016/05/16 v3.12 Key value format for package options (HO)
)
\@linkdim=\dimen165
\Hy@linkcounter=\count122
\Hy@pagecounter=\count123

(/usr/local/share/miktex-texmf/tex/latex/hyperref/pd1enc.def
File: pd1enc.def 2018/11/30 v6.88e Hyperref: PDFDocEncoding definition (HO)
Now handling font encoding PD1 ...
... no UTF-8 mapping file for font encoding PD1
)
\Hy@SavedSpaceFactor=\count124

(/home/eduardo/.miktex/texmfs/install/tex/latex/00miktex/hyperref.cfg
File: hyperref.cfg 2002/06/06 v1.2 hyperref configuration of TeXLive
)
Package hyperref Info: Option `bookmarks' set `true' on input line 4393.
Package hyperref Info: Option `bookmarksopen' set `true' on input line 4393.
Package hyperref Info: Option `implicit' set `false' on input line 4393.
Package hyperref Info: Hyper figures OFF on input line 4519.
Package hyperref Info: Link nesting OFF on input line 4524.
Package hyperref Info: Hyper index ON on input line 4527.
Package hyperref Info: Plain pages OFF on input line 4534.
Package hyperref Info: Backreferencing OFF on input line 4539.
Package hyperref Info: Implicit mode OFF; no redefinition of LaTeX internals.
Package hyperref Info: Bookmarks ON on input line 4772.
\c@Hy@tempcnt=\count125

(/home/eduardo/.miktex/texmfs/install/tex/latex/url/url.sty
\Urlmuskip=\muskip10
Package: url 2013/09/16  ver 3.4  Verb mode for urls, etc.
)
LaTeX Info: Redefining \url on input line 5125.
\XeTeXLinkMargin=\dimen166
\Fld@menulength=\count126
\Field@Width=\dimen167
\Fld@charsize=\dimen168
Package hyperref Info: Hyper figures OFF on input line 6380.
Package hyperref Info: Link nesting OFF on input line 6385.
Package hyperref Info: Hyper index ON on input line 6388.
Package hyperref Info: backreferencing OFF on input line 6395.
Package hyperref Info: Link coloring OFF on input line 6400.
Package hyperref Info: Link coloring with OCG OFF on input line 6405.
Package hyperref Info: PDF/A mode OFF on input line 6410.
LaTeX Info: Redefining \ref on input line 6450.
LaTeX Info: Redefining \pageref on input line 6454.
\Hy@abspage=\count127


Package hyperref Message: Stopped early.

)
Package hyperref Info: Driver (autodetected): hpdftex.
 (/usr/local/share/miktex-texmf/tex/latex/hyperref/hpdftex.def
File: hpdftex.def 2018/11/30 v6.88e Hyperref driver for pdfTeX
\Fld@listcount=\count128
\c@bookmark@seq@number=\count129

(/home/eduardo/.miktex/texmfs/install/tex/latex/oberdiek/rerunfilecheck.sty
Package: rerunfilecheck 2016/05/16 v1.8 Rerun checks for auxiliary files (HO)
Package uniquecounter Info: New unique counter `rerunfilecheck' on input line 2
82.
))
(/home/eduardo/.miktex/texmfs/install/tex/latex/beamer/beamerbaserequires.sty
(/home/eduardo/.miktex/texmfs/install/tex/latex/beamer/beamerbasecompatibility.
sty) (/home/eduardo/.miktex/texmfs/install/tex/latex/beamer/beamerbasefont.sty
(/usr/local/share/miktex-texmf/tex/latex/amsfonts/amssymb.sty
Package: amssymb 2013/01/14 v3.01 AMS font symbols

(/usr/local/share/miktex-texmf/tex/latex/amsfonts/amsfonts.sty
Package: amsfonts 2013/01/14 v3.01 Basic AMSFonts support
\@emptytoks=\toks26
\symAMSa=\mathgroup4
\symAMSb=\mathgroup5
LaTeX Font Info:    Overwriting math alphabet `\mathfrak' in version `bold'
(Font)                  U/euf/m/n --> U/euf/b/n on input line 106.
))
(/home/eduardo/.miktex/texmfs/install/tex/latex/sansmathaccent/sansmathaccent.s
ty
Package: sansmathaccent 2013/03/28
 (/home/eduardo/.miktex/texmfs/install/tex/latex/filehook/filehook.sty
Package: filehook 2011/10/12 v0.5d Hooks for input files
)))
(/home/eduardo/.miktex/texmfs/install/tex/latex/beamer/beamerbasetranslator.sty
(/home/eduardo/.miktex/texmfs/install/tex/latex/translator/translator.sty
Package: translator 2019-05-31 v1.12a Easy translation of strings in LaTeX
))
(/home/eduardo/.miktex/texmfs/install/tex/latex/beamer/beamerbasemisc.sty)
(/home/eduardo/.miktex/texmfs/install/tex/latex/beamer/beamerbasetwoscreens.sty
) (/home/eduardo/.miktex/texmfs/install/tex/latex/beamer/beamerbaseoverlay.sty
\beamer@argscount=\count130
\beamer@lastskipcover=\skip44
\beamer@trivlistdepth=\count131
) (/home/eduardo/.miktex/texmfs/install/tex/latex/beamer/beamerbasetitle.sty)
(/home/eduardo/.miktex/texmfs/install/tex/latex/beamer/beamerbasesection.sty
\c@lecture=\count132
\c@part=\count133
\c@section=\count134
\c@subsection=\count135
\c@subsubsection=\count136
)
(/home/eduardo/.miktex/texmfs/install/tex/latex/beamer/beamerbaseframe.sty
\beamer@framebox=\box41
\beamer@frametitlebox=\box42
\beamer@zoombox=\box43
\beamer@zoomcount=\count137
\beamer@zoomframecount=\count138
\beamer@frametextheight=\dimen169
\c@subsectionslide=\count139
\beamer@frametopskip=\skip45
\beamer@framebottomskip=\skip46
\beamer@frametopskipautobreak=\skip47
\beamer@framebottomskipautobreak=\skip48
\beamer@envbody=\toks27
\framewidth=\dimen170
\c@framenumber=\count140
)
(/home/eduardo/.miktex/texmfs/install/tex/latex/beamer/beamerbaseverbatim.sty
\beamer@verbatimfileout=\write4
)
(/home/eduardo/.miktex/texmfs/install/tex/latex/beamer/beamerbaseframesize.sty
\beamer@splitbox=\box44
\beamer@autobreakcount=\count141
\beamer@autobreaklastheight=\dimen171
\beamer@frametitletoks=\toks28
\beamer@framesubtitletoks=\toks29
)
(/home/eduardo/.miktex/texmfs/install/tex/latex/beamer/beamerbaseframecomponent
s.sty
\beamer@footins=\box45
)
(/home/eduardo/.miktex/texmfs/install/tex/latex/beamer/beamerbasecolor.sty)
(/home/eduardo/.miktex/texmfs/install/tex/latex/beamer/beamerbasenotes.sty
\beamer@frameboxcopy=\box46
)
(/home/eduardo/.miktex/texmfs/install/tex/latex/beamer/beamerbasetoc.sty)
(/home/eduardo/.miktex/texmfs/install/tex/latex/beamer/beamerbasetemplates.sty
\beamer@sbttoks=\toks30

(/home/eduardo/.miktex/texmfs/install/tex/latex/beamer/beamerbaseauxtemplates.s
ty (/home/eduardo/.miktex/texmfs/install/tex/latex/beamer/beamerbaseboxes.sty
\bmb@box=\box47
\bmb@colorbox=\box48
\bmb@boxshadow=\box49
\bmb@boxshadowball=\box50
\bmb@boxshadowballlarge=\box51
\bmb@temp=\dimen172
\bmb@dima=\dimen173
\bmb@dimb=\dimen174
\bmb@prevheight=\dimen175
)
\beamer@blockheadheight=\dimen176
))
(/home/eduardo/.miktex/texmfs/install/tex/latex/beamer/beamerbaselocalstructure
.sty (/home/eduardo/.miktex/texmfs/install/tex/latex/tools/enumerate.sty
Package: enumerate 2015/07/23 v3.00 enumerate extensions (DPC)
\@enLab=\toks31
)
\c@figure=\count142
\c@table=\count143
\abovecaptionskip=\skip49
\belowcaptionskip=\skip50
)
(/home/eduardo/.miktex/texmfs/install/tex/latex/beamer/beamerbasenavigation.sty
\beamer@section@min@dim=\dimen177
) (/home/eduardo/.miktex/texmfs/install/tex/latex/beamer/beamerbasetheorems.sty
(/usr/local/share/miktex-texmf/tex/latex/amsmath/amsmath.sty
Package: amsmath 2018/12/01 v2.17b AMS math features
\@mathmargin=\skip51

For additional information on amsmath, use the `?' option.
(/usr/local/share/miktex-texmf/tex/latex/amsmath/amstext.sty
Package: amstext 2000/06/29 v2.01 AMS text

(/usr/local/share/miktex-texmf/tex/latex/amsmath/amsgen.sty
File: amsgen.sty 1999/11/30 v2.0 generic functions
\@emptytoks=\toks32
\ex@=\dimen178
))
(/usr/local/share/miktex-texmf/tex/latex/amsmath/amsbsy.sty
Package: amsbsy 1999/11/29 v1.2d Bold Symbols
\pmbraise@=\dimen179
)
(/usr/local/share/miktex-texmf/tex/latex/amsmath/amsopn.sty
Package: amsopn 2016/03/08 v2.02 operator names
)
\inf@bad=\count144
LaTeX Info: Redefining \frac on input line 223.
\uproot@=\count145
\leftroot@=\count146
LaTeX Info: Redefining \overline on input line 385.
\classnum@=\count147
\DOTSCASE@=\count148
LaTeX Info: Redefining \ldots on input line 482.
LaTeX Info: Redefining \dots on input line 485.
LaTeX Info: Redefining \cdots on input line 606.
\Mathstrutbox@=\box52
\strutbox@=\box53
\big@size=\dimen180
LaTeX Font Info:    Redeclaring font encoding OML on input line 729.
LaTeX Font Info:    Redeclaring font encoding OMS on input line 730.
\macc@depth=\count149
\c@MaxMatrixCols=\count150
\dotsspace@=\muskip11
\c@parentequation=\count151
\dspbrk@lvl=\count152
\tag@help=\toks33
\row@=\count153
\column@=\count154
\maxfields@=\count155
\andhelp@=\toks34
\eqnshift@=\dimen181
\alignsep@=\dimen182
\tagshift@=\dimen183
\tagwidth@=\dimen184
\totwidth@=\dimen185
\lineht@=\dimen186
\@envbody=\toks35
\multlinegap=\skip52
\multlinetaggap=\skip53
\mathdisplay@stack=\toks36
LaTeX Info: Redefining \[ on input line 2844.
LaTeX Info: Redefining \] on input line 2845.
)
(/usr/local/share/miktex-texmf/tex/latex/amscls/amsthm.sty
Package: amsthm 2017/10/31 v2.20.4
\thm@style=\toks37
\thm@bodyfont=\toks38
\thm@headfont=\toks39
\thm@notefont=\toks40
\thm@headpunct=\toks41
\thm@preskip=\skip54
\thm@postskip=\skip55
\thm@headsep=\skip56
\dth@everypar=\toks42
)
\c@theorem=\count156
)
(/home/eduardo/.miktex/texmfs/install/tex/latex/beamer/beamerbasethemes.sty))
(/home/eduardo/.miktex/texmfs/install/tex/latex/beamer/beamerthemedefault.sty
(/home/eduardo/.miktex/texmfs/install/tex/latex/beamer/beamerfontthemedefault.s
ty)
(/home/eduardo/.miktex/texmfs/install/tex/latex/beamer/beamercolorthemedefault.
sty)
(/home/eduardo/.miktex/texmfs/install/tex/latex/beamer/beamerinnerthemedefault.
sty
\beamer@dima=\dimen187
\beamer@dimb=\dimen188
)
(/home/eduardo/.miktex/texmfs/install/tex/latex/beamer/beamerouterthemedefault.
sty))) (/usr/local/share/miktex-texmf/tex/generic/babel/babel.sty
Package: babel 2019/06/03 3.32 The Babel package

(/usr/local/share/miktex-texmf/tex/generic/babel/switch.def
File: switch.def 2019/06/03 3.32 Babel switching mechanism
)
*************************************
* Local config file bblopts.cfg used
*
(/home/eduardo/.miktex/texmfs/install/tex/latex/arabi/bblopts.cfg
File: bblopts.cfg 2005/09/08 v0.1 add Arabic and Farsi to "declared" options of
 babel
)
(/usr/local/share/miktex-texmf/tex/latex/babel-portuges/portuges.ldf
Language: portuges 2008/03/18 v1.2q Portuguese support from the babel system

(/usr/local/share/miktex-texmf/tex/generic/babel/babel.def
File: babel.def 2019/06/03 3.32 Babel common definitions
\babel@savecnt=\count157
\U@D=\dimen189

(/usr/local/share/miktex-texmf/tex/generic/babel/txtbabel.def)
LaTeX Info: Redefining \textlatin on input line 2103.
\bbl@dirlevel=\count158
)
\l@brazil = a dialect from \language\l@portuges 
Package babel Info: Making " an active character on input line 145.
))
(/home/eduardo/.miktex/texmfs/install/tex/latex/abntex2/abntex2cite.sty
Package: abntex2cite 2018/11/24 v-1.9.7 abnTeX2

(/usr/local/share/miktex-texmf/tex/latex/base/ifthen.sty
Package: ifthen 2014/09/29 v1.1c Standard LaTeX ifthen package (DPC)
)
(/home/eduardo/.miktex/texmfs/install/tex/latex/tools/calc.sty
Package: calc 2017/05/25 v4.3 Infix arithmetic (KKT,FJ)
\calc@Acount=\count159
\calc@Bcount=\count160
\calc@Adimen=\dimen190
\calc@Bdimen=\dimen191
\calc@Askip=\skip57
\calc@Bskip=\skip58
LaTeX Info: Redefining \setlength on input line 80.
LaTeX Info: Redefining \addtolength on input line 81.
\calc@Ccount=\count161
\calc@Cskip=\skip59
)
(/home/eduardo/.miktex/texmfs/install/tex/latex/abntex2/abntex2abrev.sty)
(/home/eduardo/.miktex/texmfs/install/tex/latex/setspace/setspace.sty
Package: setspace 2011/12/19 v6.7a set line spacing
)
\bibindent=\skip60
\minimumbiblabelwidth=\skip61
\ABCIauxlen=\skip62
\c@ABCIaux=\count162
\c@ABCImax=\count163

(/home/eduardo/.miktex/texmfs/install/tex/latex/relsize/relsize.sty
Package: relsize 2013/03/29 ver 4.1
)
\biblabelsep=\skip63
LaTeX Info: Redefining \newblock on input line 591.
LaTeX Info: Redefining \cite on input line 618.
\ABCItoken=\toks43
)
(uegCCETtheme.sty
(/home/eduardo/.miktex/texmfs/install/tex/latex/beamer/beamerouterthemesplit.st
y)
(/home/eduardo/.miktex/texmfs/install/tex/latex/beamer/beamercolorthemewhale.st
y)
(/home/eduardo/.miktex/texmfs/install/tex/latex/beamer/beamerinnerthemerounded.
sty)
(/home/eduardo/.miktex/texmfs/install/tex/latex/beamer/beamercolorthemeorchid.s
ty)
(/home/eduardo/.miktex/texmfs/install/tex/latex/beamer/beamercolorthemestructur
e.sty)) (/usr/local/share/miktex-texmf/tex/latex/base/fontenc.sty
Package: fontenc 2018/08/11 v2.0j Standard LaTeX package

(/usr/local/share/miktex-texmf/tex/latex/base/t1enc.def
File: t1enc.def 2018/08/11 v2.0j Standard LaTeX file
LaTeX Font Info:    Redeclaring font encoding T1 on input line 48.
))
(/usr/local/share/miktex-texmf/tex/latex/base/inputenc.sty
Package: inputenc 2018/08/11 v1.3c Input encoding file
\inpenc@prehook=\toks44
\inpenc@posthook=\toks45
)
(/home/eduardo/.miktex/texmfs/install/tex/latex/ms/ragged2e.sty
Package: ragged2e 2009/05/21 v2.1 ragged2e Package (MS)

(/home/eduardo/.miktex/texmfs/install/tex/latex/ms/everysel.sty
Package: everysel 2011/10/28 v1.2 EverySelectfont Package (MS)
)
\CenteringLeftskip=\skip64
\RaggedLeftLeftskip=\skip65
\RaggedRightLeftskip=\skip66
\CenteringRightskip=\skip67
\RaggedLeftRightskip=\skip68
\RaggedRightRightskip=\skip69
\CenteringParfillskip=\skip70
\RaggedLeftParfillskip=\skip71
\RaggedRightParfillskip=\skip72
\JustifyingParfillskip=\skip73
\CenteringParindent=\skip74
\RaggedLeftParindent=\skip75
\RaggedRightParindent=\skip76
\JustifyingParindent=\skip77
)

Package hyperref Warning: Token not allowed in a PDF string (PDFDocEncoding):
(hyperref)                removing `\\' on input line 19.

\c@definicao=\count164
\c@lema=\count165
(apresentacao.aux)
\openout1 = `apresentacao.aux'.

LaTeX Font Info:    Checking defaults for OML/cmm/m/it on input line 34.
LaTeX Font Info:    ... okay on input line 34.
LaTeX Font Info:    Checking defaults for T1/cmr/m/n on input line 34.
LaTeX Font Info:    ... okay on input line 34.
LaTeX Font Info:    Checking defaults for OT1/cmr/m/n on input line 34.
LaTeX Font Info:    ... okay on input line 34.
LaTeX Font Info:    Checking defaults for OMS/cmsy/m/n on input line 34.
LaTeX Font Info:    ... okay on input line 34.
LaTeX Font Info:    Checking defaults for OMX/cmex/m/n on input line 34.
LaTeX Font Info:    ... okay on input line 34.
LaTeX Font Info:    Checking defaults for U/cmr/m/n on input line 34.
LaTeX Font Info:    ... okay on input line 34.
LaTeX Font Info:    Checking defaults for PD1/pdf/m/n on input line 34.
LaTeX Font Info:    ... okay on input line 34.

*geometry* driver: auto-detecting
*geometry* detected driver: pdftex
*geometry* verbose mode - [ preamble ] result:
* driver: pdftex
* paper: custom
* layout: <same size as paper>
* layoutoffset:(h,v)=(0.0pt,0.0pt)
* modes: includehead includefoot 
* h-part:(L,W,R)=(28.45274pt, 307.28987pt, 28.45274pt)
* v-part:(T,H,B)=(0.0pt, 273.14662pt, 0.0pt)
* \paperwidth=364.19536pt
* \paperheight=273.14662pt
* \textwidth=307.28987pt
* \textheight=244.6939pt
* \oddsidemargin=-43.81725pt
* \evensidemargin=-43.81725pt
* \topmargin=-72.26999pt
* \headheight=14.22636pt
* \headsep=0.0pt
* \topskip=11.0pt
* \footskip=14.22636pt
* \marginparwidth=4.0pt
* \marginparsep=10.0pt
* \columnsep=10.0pt
* \skip\footins=10.0pt plus 4.0pt minus 2.0pt
* \hoffset=0.0pt
* \voffset=0.0pt
* \mag=1000
* \@twocolumnfalse
* \@twosidefalse
* \@mparswitchfalse
* \@reversemarginfalse
* (1in=72.27pt=25.4mm, 1cm=28.453pt)

(/home/eduardo/.miktex/texmfs/install/tex/context/base/mkii/supp-pdf.mkii
[Loading MPS to PDF converter (version 2006.09.02).]
\scratchcounter=\count166
\scratchdimen=\dimen192
\scratchbox=\box54
\nofMPsegments=\count167
\nofMParguments=\count168
\everyMPshowfont=\toks46
\MPscratchCnt=\count169
\MPscratchDim=\dimen193
\MPnumerator=\count170
\makeMPintoPDFobject=\count171
\everyMPtoPDFconversion=\toks47
) (/home/eduardo/.miktex/texmfs/install/tex/latex/oberdiek/epstopdf-base.sty
Package: epstopdf-base 2016/05/15 v2.6 Base part for package epstopdf

(/home/eduardo/.miktex/texmfs/install/tex/latex/oberdiek/grfext.sty
Package: grfext 2016/05/16 v1.2 Manage graphics extensions (HO)
)
Package epstopdf-base Info: Redefining graphics rule for `.eps' on input line 4
38.
Package grfext Info: Graphics extension search list:
(grfext)             [.pdf,.png,.jpg,.mps,.jpeg,.jbig2,.jb2,.PDF,.PNG,.JPG,.JPE
G,.JBIG2,.JB2,.eps]
(grfext)             \AppendGraphicsExtensions on input line 456.
)
ABD: EveryShipout initializing macros
\AtBeginShipoutBox=\box55
Package hyperref Info: Link coloring OFF on input line 34.

(/usr/local/share/miktex-texmf/tex/latex/hyperref/nameref.sty
Package: nameref 2016/05/21 v2.44 Cross-referencing by name of section

(/home/eduardo/.miktex/texmfs/install/tex/generic/oberdiek/gettitlestring.sty
Package: gettitlestring 2016/05/16 v1.5 Cleanup title references (HO)
)
\c@section@level=\count172
)
LaTeX Info: Redefining \ref on input line 34.
LaTeX Info: Redefining \pageref on input line 34.
LaTeX Info: Redefining \nameref on input line 34.
(apresentacao.out) (apresentacao.out)
\@outlinefile=\write5
\openout5 = `apresentacao.out'.

LaTeX Font Info:    Overwriting symbol font `operators' in version `normal'
(Font)                  OT1/cmr/m/n --> OT1/cmss/m/n on input line 34.
LaTeX Font Info:    Overwriting symbol font `operators' in version `bold'
(Font)                  OT1/cmr/bx/n --> OT1/cmss/bx/n on input line 34.
\symnumbers=\mathgroup6
\sympureletters=\mathgroup7
LaTeX Font Info:    Overwriting math alphabet `\mathrm' in version `normal'
(Font)                  OT1/cmss/m/n --> T1/cmr/m/n on input line 34.
LaTeX Font Info:    Redeclaring math alphabet \mathbf on input line 34.
LaTeX Font Info:    Overwriting math alphabet `\mathbf' in version `normal'
(Font)                  OT1/cmr/bx/n --> T1/cmss/bx/n on input line 34.
LaTeX Font Info:    Overwriting math alphabet `\mathbf' in version `bold'
(Font)                  OT1/cmr/bx/n --> T1/cmss/bx/n on input line 34.
LaTeX Font Info:    Redeclaring math alphabet \mathsf on input line 34.
LaTeX Font Info:    Overwriting math alphabet `\mathsf' in version `normal'
(Font)                  OT1/cmss/m/n --> T1/cmss/m/n on input line 34.
LaTeX Font Info:    Overwriting math alphabet `\mathsf' in version `bold'
(Font)                  OT1/cmss/bx/n --> T1/cmss/m/n on input line 34.
LaTeX Font Info:    Redeclaring math alphabet \mathit on input line 34.
LaTeX Font Info:    Overwriting math alphabet `\mathit' in version `normal'
(Font)                  OT1/cmr/m/it --> T1/cmss/m/it on input line 34.
LaTeX Font Info:    Overwriting math alphabet `\mathit' in version `bold'
(Font)                  OT1/cmr/bx/it --> T1/cmss/m/it on input line 34.
LaTeX Font Info:    Redeclaring math alphabet \mathtt on input line 34.
LaTeX Font Info:    Overwriting math alphabet `\mathtt' in version `normal'
(Font)                  OT1/cmtt/m/n --> T1/cmtt/m/n on input line 34.
LaTeX Font Info:    Overwriting math alphabet `\mathtt' in version `bold'
(Font)                  OT1/cmtt/m/n --> T1/cmtt/m/n on input line 34.
LaTeX Font Info:    Overwriting symbol font `numbers' in version `bold'
(Font)                  T1/cmss/m/n --> T1/cmss/bx/n on input line 34.
LaTeX Font Info:    Overwriting symbol font `pureletters' in version `bold'
(Font)                  T1/cmss/m/it --> T1/cmss/bx/it on input line 34.
LaTeX Font Info:    Overwriting math alphabet `\mathrm' in version `bold'
(Font)                  OT1/cmss/bx/n --> T1/cmr/bx/n on input line 34.
LaTeX Font Info:    Overwriting math alphabet `\mathbf' in version `bold'
(Font)                  T1/cmss/bx/n --> T1/cmss/bx/n on input line 34.
LaTeX Font Info:    Overwriting math alphabet `\mathsf' in version `bold'
(Font)                  T1/cmss/m/n --> T1/cmss/bx/n on input line 34.
LaTeX Font Info:    Overwriting math alphabet `\mathit' in version `bold'
(Font)                  T1/cmss/m/it --> T1/cmss/bx/it on input line 34.
LaTeX Font Info:    Overwriting math alphabet `\mathtt' in version `bold'
(Font)                  T1/cmtt/m/n --> T1/cmtt/bx/n on input line 34.
LaTeX Font Info:    Redeclaring symbol font `pureletters' on input line 34.
LaTeX Font Info:    Encoding `T1' has changed to `OT1' for symbol font
(Font)              `pureletters' in the math version `normal' on input line 34
.
LaTeX Font Info:    Overwriting symbol font `pureletters' in version `normal'
(Font)                  T1/cmss/m/it --> OT1/mathkerncmss/m/sl on input line 34
.
LaTeX Font Info:    Encoding `T1' has changed to `OT1' for symbol font
(Font)              `pureletters' in the math version `bold' on input line 34.
LaTeX Font Info:    Overwriting symbol font `pureletters' in version `bold'
(Font)                  T1/cmss/bx/it --> OT1/mathkerncmss/m/sl on input line 3
4.
LaTeX Font Info:    Overwriting symbol font `pureletters' in version `bold'
(Font)                  OT1/mathkerncmss/m/sl --> OT1/mathkerncmss/bx/sl on inp
ut line 34.

(/home/eduardo/.miktex/texmfs/install/tex/latex/translator/translator-basic-dic
tionary-English.dict
Dictionary: translator-basic-dictionary, Language: English 
)
(/home/eduardo/.miktex/texmfs/install/tex/latex/translator/translator-bibliogra
phy-dictionary-English.dict
Dictionary: translator-bibliography-dictionary, Language: English 
)
(/home/eduardo/.miktex/texmfs/install/tex/latex/translator/translator-environme
nt-dictionary-English.dict
Dictionary: translator-environment-dictionary, Language: English 
)
(/home/eduardo/.miktex/texmfs/install/tex/latex/translator/translator-months-di
ctionary-English.dict
Dictionary: translator-months-dictionary, Language: English 
)
(/home/eduardo/.miktex/texmfs/install/tex/latex/translator/translator-numbers-d
ictionary-English.dict
Dictionary: translator-numbers-dictionary, Language: English 
)
(/home/eduardo/.miktex/texmfs/install/tex/latex/translator/translator-theorem-d
ictionary-English.dict
Dictionary: translator-theorem-dictionary, Language: English 
) ABD: EverySelectfont initializing macros
LaTeX Info: Redefining \selectfont on input line 34.

(apresentacao.nav)
Overfull \hbox (4.43863pt too wide) in paragraph at lines 34--34
[][]  
 []


Overfull \vbox (1.98386pt too high) detected at line 34
 []

<graphics/ueg_ccet.pdf, id=39, 398.99063pt x 100.87688pt>
File: graphics/ueg_ccet.pdf Graphic file (type pdf)
<use graphics/ueg_ccet.pdf>
Package pdftex.def Info: graphics/ueg_ccet.pdf  used on input line 38.
(pdftex.def)             Requested size: 139.6488pt x 35.30742pt.
<graphics/ueg_background_title.pdf, id=40, 1287.81137pt x 966.61125pt>
File: graphics/ueg_background_title.pdf Graphic file (type pdf)
<use graphics/ueg_background_title.pdf>
Package pdftex.def Info: graphics/ueg_background_title.pdf  used on input line 
38.
(pdftex.def)             Requested size: 364.2004pt x 273.14194pt.
[1

{/home/eduardo/.miktex/texmfs/data/pdftex/config/pdftex.map} <./graphics/ueg_ba
ckground_title.pdf> <./graphics/ueg_ccet.pdf

pdfTeX warning: pdflatex (file ./graphics/ueg_ccet.pdf): PDF inclusion: multipl
e pdfs with page group included in a single page
>]
<graphics/ueg_background.pdf, id=52, 1287.81137pt x 966.61125pt>
File: graphics/ueg_background.pdf Graphic file (type pdf)
<use graphics/ueg_background.pdf>
Package pdftex.def Info: graphics/ueg_background.pdf  used on input line 47.
(pdftex.def)             Requested size: 364.19536pt x 273.36317pt.

Overfull \vbox (1.98386pt too high) has occurred while \output is active []


Overfull \hbox (4.43863pt too wide) has occurred while \output is active
[][] 
 []

[2

 <./graphics/ueg_background.pdf> <./graphics/ueg_ccet.pdf

pdfTeX warning: pdflatex (file ./graphics/ueg_ccet.pdf): PDF inclusion: multipl
e pdfs with page group included in a single page
>]

LaTeX Warning: Citation `calcvar' on page 3 undefined on input line 59.

LaTeX Font Info:    Try loading font information for U+msa on input line 59.
(/usr/local/share/miktex-texmf/tex/latex/amsfonts/umsa.fd
File: umsa.fd 2013/01/14 v3.01 AMS symbols A
)
LaTeX Font Info:    Try loading font information for U+msb on input line 59.

(/usr/local/share/miktex-texmf/tex/latex/amsfonts/umsb.fd
File: umsb.fd 2013/01/14 v3.01 AMS symbols B
)
LaTeX Font Info:    Try loading font information for OT1+mathkerncmss on input 
line 59.

(/home/eduardo/.miktex/texmfs/install/tex/latex/sansmathaccent/ot1mathkerncmss.
fd
File: ot1mathkerncmss.fd 2013/03/27 Fontinst v1.933 font definitions for OT1/ma
thkerncmss.
)
File: graphics/ueg_background.pdf Graphic file (type pdf)
<use graphics/ueg_background.pdf>
Package pdftex.def Info: graphics/ueg_background.pdf  used on input line 59.
(pdftex.def)             Requested size: 364.19536pt x 273.36317pt.

Overfull \vbox (1.98386pt too high) has occurred while \output is active []


Overfull \hbox (4.43863pt too wide) has occurred while \output is active
[][] 
 []

[3

 <./graphics/ueg_ccet.pdf>]
File: graphics/ueg_background_title.pdf Graphic file (type pdf)
<use graphics/ueg_background_title.pdf>
Package pdftex.def Info: graphics/ueg_background_title.pdf  used on input line 
62.
(pdftex.def)             Requested size: 364.19536pt x 273.36317pt.

Overfull \vbox (1.98386pt too high) has occurred while \output is active []


Overfull \hbox (4.43863pt too wide) has occurred while \output is active
[][] 
 []

[4

 <./graphics/ueg_ccet.pdf>]

LaTeX Warning: Citation `boyer' on page 5 undefined on input line 84.

File: graphics/ueg_background.pdf Graphic file (type pdf)
<use graphics/ueg_background.pdf>
Package pdftex.def Info: graphics/ueg_background.pdf  used on input line 84.
(pdftex.def)             Requested size: 364.19536pt x 273.36317pt.

Overfull \vbox (1.98386pt too high) has occurred while \output is active []


Overfull \hbox (4.43863pt too wide) has occurred while \output is active
[][] 
 []

[5

 <./graphics/ueg_ccet.pdf>]

LaTeX Warning: Citation `boyer' on page 6 undefined on input line 84.

File: graphics/ueg_background.pdf Graphic file (type pdf)
<use graphics/ueg_background.pdf>
Package pdftex.def Info: graphics/ueg_background.pdf  used on input line 84.
(pdftex.def)             Requested size: 364.19536pt x 273.36317pt.

Overfull \vbox (1.98386pt too high) has occurred while \output is active []


Overfull \hbox (4.43863pt too wide) has occurred while \output is active
[][] 
 []

[6

 <./graphics/ueg_ccet.pdf>]

LaTeX Warning: Citation `boyer' on page 7 undefined on input line 84.

File: graphics/ueg_background.pdf Graphic file (type pdf)
<use graphics/ueg_background.pdf>
Package pdftex.def Info: graphics/ueg_background.pdf  used on input line 84.
(pdftex.def)             Requested size: 364.19536pt x 273.36317pt.

Overfull \vbox (1.98386pt too high) has occurred while \output is active []


Overfull \hbox (4.43863pt too wide) has occurred while \output is active
[][] 
 []

[7

 <./graphics/ueg_ccet.pdf>]

LaTeX Warning: Citation `boyer' on page 8 undefined on input line 84.

File: graphics/ueg_background.pdf Graphic file (type pdf)
<use graphics/ueg_background.pdf>
Package pdftex.def Info: graphics/ueg_background.pdf  used on input line 84.
(pdftex.def)             Requested size: 364.19536pt x 273.36317pt.

Overfull \vbox (1.98386pt too high) has occurred while \output is active []


Overfull \hbox (4.43863pt too wide) has occurred while \output is active
[][] 
 []

[8

 <./graphics/ueg_ccet.pdf>]

LaTeX Warning: Citation `boyer' on page 9 undefined on input line 84.

File: graphics/ueg_background.pdf Graphic file (type pdf)
<use graphics/ueg_background.pdf>
Package pdftex.def Info: graphics/ueg_background.pdf  used on input line 84.
(pdftex.def)             Requested size: 364.19536pt x 273.36317pt.

Overfull \vbox (1.98386pt too high) has occurred while \output is active []


Overfull \hbox (4.43863pt too wide) has occurred while \output is active
[][] 
 []

[9

 <./graphics/ueg_ccet.pdf>]

LaTeX Warning: Citation `boyer' on page 10 undefined on input line 84.

File: graphics/ueg_background.pdf Graphic file (type pdf)
<use graphics/ueg_background.pdf>
Package pdftex.def Info: graphics/ueg_background.pdf  used on input line 84.
(pdftex.def)             Requested size: 364.19536pt x 273.36317pt.

Overfull \vbox (1.98386pt too high) has occurred while \output is active []


Overfull \hbox (4.43863pt too wide) has occurred while \output is active
[][] 
 []

[10

 <./graphics/ueg_ccet.pdf>]

LaTeX Warning: Citation `hist_courant' on page 11 undefined on input line 97.


LaTeX Warning: Citation `hist_still' on page 11 undefined on input line 97.


LaTeX Warning: Citation `calcvar' on page 11 undefined on input line 97.

File: graphics/ueg_background.pdf Graphic file (type pdf)
<use graphics/ueg_background.pdf>
Package pdftex.def Info: graphics/ueg_background.pdf  used on input line 97.
(pdftex.def)             Requested size: 364.19536pt x 273.36317pt.

Overfull \vbox (1.98386pt too high) has occurred while \output is active []


Overfull \hbox (4.43863pt too wide) has occurred while \output is active
[][] 
 []

[11

 <./graphics/ueg_ccet.pdf>]

LaTeX Warning: Citation `hist_courant' on page 12 undefined on input line 110.


LaTeX Warning: Citation `hist_still' on page 12 undefined on input line 110.

File: graphics/ueg_background.pdf Graphic file (type pdf)
<use graphics/ueg_background.pdf>
Package pdftex.def Info: graphics/ueg_background.pdf  used on input line 110.
(pdftex.def)             Requested size: 364.19536pt x 273.36317pt.

Overfull \vbox (1.98386pt too high) has occurred while \output is active []


Overfull \hbox (4.43863pt too wide) has occurred while \output is active
[][] 
 []

[12

 <./graphics/ueg_ccet.pdf>]

LaTeX Warning: Citation `hist_courant' on page 13 undefined on input line 110.


LaTeX Warning: Citation `hist_still' on page 13 undefined on input line 110.

File: graphics/ueg_background.pdf Graphic file (type pdf)
<use graphics/ueg_background.pdf>
Package pdftex.def Info: graphics/ueg_background.pdf  used on input line 110.
(pdftex.def)             Requested size: 364.19536pt x 273.36317pt.

Overfull \vbox (1.98386pt too high) has occurred while \output is active []


Overfull \hbox (4.43863pt too wide) has occurred while \output is active
[][] 
 []

[13

 <./graphics/ueg_ccet.pdf>]
File: graphics/ueg_background_title.pdf Graphic file (type pdf)
<use graphics/ueg_background_title.pdf>
Package pdftex.def Info: graphics/ueg_background_title.pdf  used on input line 
113.
(pdftex.def)             Requested size: 364.19536pt x 273.36317pt.

Overfull \vbox (1.98386pt too high) has occurred while \output is active []


Overfull \hbox (4.43863pt too wide) has occurred while \output is active
[][] 
 []

[14

 <./graphics/ueg_ccet.pdf>]
File: graphics/ueg_background.pdf Graphic file (type pdf)
<use graphics/ueg_background.pdf>
Package pdftex.def Info: graphics/ueg_background.pdf  used on input line 124.
(pdftex.def)             Requested size: 364.19536pt x 273.36317pt.

Overfull \vbox (1.98386pt too high) has occurred while \output is active []


Overfull \hbox (4.43863pt too wide) has occurred while \output is active
[][] 
 []

[15

 <./graphics/ueg_ccet.pdf>]
File: graphics/ueg_background.pdf Graphic file (type pdf)
<use graphics/ueg_background.pdf>
Package pdftex.def Info: graphics/ueg_background.pdf  used on input line 135.
(pdftex.def)             Requested size: 364.19536pt x 273.36317pt.

Overfull \vbox (1.98386pt too high) has occurred while \output is active []


Overfull \hbox (4.43863pt too wide) has occurred while \output is active
[][] 
 []

[16

 <./graphics/ueg_ccet.pdf>]

pdfTeX warning: pdflatex (file ../figuras/cap_calcvar/figura_001.pdf): PDF incl
usion: found PDF version <1.7>, but at most version <1.5> allowed
<../figuras/cap_calcvar/figura_001.pdf, id=257, 651.43375pt x 591.20876pt>
File: ../figuras/cap_calcvar/figura_001.pdf Graphic file (type pdf)
<use ../figuras/cap_calcvar/figura_001.pdf>
Package pdftex.def Info: ../figuras/cap_calcvar/figura_001.pdf  used on input l
ine 149.
(pdftex.def)             Requested size: 162.85803pt x 147.80182pt.

Overfull \vbox (1.98386pt too high) has occurred while \output is active []


Overfull \hbox (4.43863pt too wide) has occurred while \output is active
[][] 
 []

[17

 <./graphics/ueg_ccet.pdf> <../figuras/cap_calcvar/figura_001.pdf>]
File: graphics/ueg_background.pdf Graphic file (type pdf)
<use graphics/ueg_background.pdf>
Package pdftex.def Info: graphics/ueg_background.pdf  used on input line 165.
(pdftex.def)             Requested size: 364.19536pt x 273.36317pt.

Overfull \vbox (1.98386pt too high) has occurred while \output is active []


Overfull \hbox (4.43863pt too wide) has occurred while \output is active
[][] 
 []

[18

 <./graphics/ueg_ccet.pdf>]
File: graphics/ueg_background.pdf Graphic file (type pdf)
<use graphics/ueg_background.pdf>
Package pdftex.def Info: graphics/ueg_background.pdf  used on input line 181.
(pdftex.def)             Requested size: 364.19536pt x 273.36317pt.

Overfull \vbox (1.98386pt too high) has occurred while \output is active []


Overfull \hbox (4.43863pt too wide) has occurred while \output is active
[][] 
 []

[19

 <./graphics/ueg_ccet.pdf>]
File: graphics/ueg_background.pdf Graphic file (type pdf)
<use graphics/ueg_background.pdf>
Package pdftex.def Info: graphics/ueg_background.pdf  used on input line 181.
(pdftex.def)             Requested size: 364.19536pt x 273.36317pt.

Overfull \vbox (1.98386pt too high) has occurred while \output is active []


Overfull \hbox (4.43863pt too wide) has occurred while \output is active
[][] 
 []

[20

 <./graphics/ueg_ccet.pdf>]
File: graphics/ueg_background.pdf Graphic file (type pdf)
<use graphics/ueg_background.pdf>
Package pdftex.def Info: graphics/ueg_background.pdf  used on input line 181.
(pdftex.def)             Requested size: 364.19536pt x 273.36317pt.

Overfull \vbox (1.98386pt too high) has occurred while \output is active []


Overfull \hbox (4.43863pt too wide) has occurred while \output is active
[][] 
 []

[21

 <./graphics/ueg_ccet.pdf>]
File: graphics/ueg_background.pdf Graphic file (type pdf)
<use graphics/ueg_background.pdf>
Package pdftex.def Info: graphics/ueg_background.pdf  used on input line 192.
(pdftex.def)             Requested size: 364.19536pt x 273.36317pt.

Overfull \vbox (1.98386pt too high) has occurred while \output is active []


Overfull \hbox (4.43863pt too wide) has occurred while \output is active
[][] 
 []

[22

 <./graphics/ueg_ccet.pdf>]
File: graphics/ueg_background.pdf Graphic file (type pdf)
<use graphics/ueg_background.pdf>
Package pdftex.def Info: graphics/ueg_background.pdf  used on input line 192.
(pdftex.def)             Requested size: 364.19536pt x 273.36317pt.

Overfull \vbox (1.98386pt too high) has occurred while \output is active []


Overfull \hbox (4.43863pt too wide) has occurred while \output is active
[][] 
 []

[23

 <./graphics/ueg_ccet.pdf>]
File: graphics/ueg_background.pdf Graphic file (type pdf)
<use graphics/ueg_background.pdf>
Package pdftex.def Info: graphics/ueg_background.pdf  used on input line 208.
(pdftex.def)             Requested size: 364.19536pt x 273.36317pt.

Overfull \vbox (1.98386pt too high) has occurred while \output is active []


Overfull \hbox (4.43863pt too wide) has occurred while \output is active
[][] 
 []

[24

 <./graphics/ueg_ccet.pdf>]
File: graphics/ueg_background.pdf Graphic file (type pdf)
<use graphics/ueg_background.pdf>
Package pdftex.def Info: graphics/ueg_background.pdf  used on input line 208.
(pdftex.def)             Requested size: 364.19536pt x 273.36317pt.

Overfull \vbox (1.98386pt too high) has occurred while \output is active []


Overfull \hbox (4.43863pt too wide) has occurred while \output is active
[][] 
 []

[25

 <./graphics/ueg_ccet.pdf>]
File: graphics/ueg_background.pdf Graphic file (type pdf)
<use graphics/ueg_background.pdf>
Package pdftex.def Info: graphics/ueg_background.pdf  used on input line 236.
(pdftex.def)             Requested size: 364.19536pt x 273.36317pt.

Overfull \vbox (1.98386pt too high) has occurred while \output is active []


Overfull \hbox (4.43863pt too wide) has occurred while \output is active
[][] 
 []

[26

 <./graphics/ueg_ccet.pdf>]
File: graphics/ueg_background.pdf Graphic file (type pdf)
<use graphics/ueg_background.pdf>
Package pdftex.def Info: graphics/ueg_background.pdf  used on input line 236.
(pdftex.def)             Requested size: 364.19536pt x 273.36317pt.

Overfull \vbox (1.98386pt too high) has occurred while \output is active []


Overfull \hbox (4.43863pt too wide) has occurred while \output is active
[][] 
 []

[27

 <./graphics/ueg_ccet.pdf>]
File: graphics/ueg_background.pdf Graphic file (type pdf)
<use graphics/ueg_background.pdf>
Package pdftex.def Info: graphics/ueg_background.pdf  used on input line 236.
(pdftex.def)             Requested size: 364.19536pt x 273.36317pt.

Overfull \vbox (1.98386pt too high) has occurred while \output is active []


Overfull \hbox (4.43863pt too wide) has occurred while \output is active
[][] 
 []

[28

 <./graphics/ueg_ccet.pdf>]
File: graphics/ueg_background.pdf Graphic file (type pdf)
<use graphics/ueg_background.pdf>
Package pdftex.def Info: graphics/ueg_background.pdf  used on input line 265.
(pdftex.def)             Requested size: 364.19536pt x 273.36317pt.

Overfull \vbox (1.98386pt too high) has occurred while \output is active []


Overfull \hbox (4.43863pt too wide) has occurred while \output is active
[][] 
 []

[29

 <./graphics/ueg_ccet.pdf>]
File: graphics/ueg_background.pdf Graphic file (type pdf)
<use graphics/ueg_background.pdf>
Package pdftex.def Info: graphics/ueg_background.pdf  used on input line 265.
(pdftex.def)             Requested size: 364.19536pt x 273.36317pt.

Overfull \vbox (1.98386pt too high) has occurred while \output is active []


Overfull \hbox (4.43863pt too wide) has occurred while \output is active
[][] 
 []

[30

 <./graphics/ueg_ccet.pdf>]
File: graphics/ueg_background.pdf Graphic file (type pdf)
<use graphics/ueg_background.pdf>
Package pdftex.def Info: graphics/ueg_background.pdf  used on input line 276.
(pdftex.def)             Requested size: 364.19536pt x 273.36317pt.

Overfull \vbox (1.98386pt too high) has occurred while \output is active []


Overfull \hbox (4.43863pt too wide) has occurred while \output is active
[][] 
 []

[31

 <./graphics/ueg_ccet.pdf>]
File: graphics/ueg_background.pdf Graphic file (type pdf)
<use graphics/ueg_background.pdf>
Package pdftex.def Info: graphics/ueg_background.pdf  used on input line 292.
(pdftex.def)             Requested size: 364.19536pt x 273.36317pt.

Overfull \vbox (1.98386pt too high) has occurred while \output is active []


Overfull \hbox (4.43863pt too wide) has occurred while \output is active
[][] 
 []

[32

 <./graphics/ueg_ccet.pdf>]
File: graphics/ueg_background.pdf Graphic file (type pdf)
<use graphics/ueg_background.pdf>
Package pdftex.def Info: graphics/ueg_background.pdf  used on input line 292.
(pdftex.def)             Requested size: 364.19536pt x 273.36317pt.

Overfull \vbox (1.98386pt too high) has occurred while \output is active []


Overfull \hbox (4.43863pt too wide) has occurred while \output is active
[][] 
 []

[33

 <./graphics/ueg_ccet.pdf>]
No file apresentacao.bbl.
File: graphics/ueg_background.pdf Graphic file (type pdf)
<use graphics/ueg_background.pdf>
Package pdftex.def Info: graphics/ueg_background.pdf  used on input line 298.
(pdftex.def)             Requested size: 364.19536pt x 273.36317pt.

Overfull \vbox (1.98386pt too high) has occurred while \output is active []


Overfull \hbox (4.43863pt too wide) has occurred while \output is active
[][] 
 []

[34

 <./graphics/ueg_ccet.pdf>]
\tf@nav=\write6
\openout6 = `apresentacao.nav'.

\tf@toc=\write7
\openout7 = `apresentacao.toc'.

\tf@snm=\write8
\openout8 = `apresentacao.snm'.

Package atveryend Info: Empty hook `BeforeClearDocument' on input line 300.
Package atveryend Info: Empty hook `AfterLastShipout' on input line 300.
 (apresentacao.aux)
Package atveryend Info: Executing hook `AtVeryEndDocument' on input line 300.
Package atveryend Info: Executing hook `AtEndAfterFileList' on input line 300.
Package rerunfilecheck Info: File `apresentacao.out' has not changed.
(rerunfilecheck)             Checksum: 820803DA5932A1A456CA59D7FDFE5D60;246.


LaTeX Warning: There were undefined references.

 ) 
Here is how much of TeX's memory you used:
 18876 strings out of 492907
 355906 string characters out of 3132818
 444745 words of memory out of 3000000
 22238 multiletter control sequences out of 15000+200000
 24518 words of font info for 64 fonts, out of 3000000 for 9000
 1141 hyphenation exceptions out of 8191
 56i,19n,55p,781b,690s stack positions out of 5000i,500n,10000p,200000b,50000s
{/usr/local/share/miktex-texmf/fonts/enc/dvips/cm-super/cm-super-t1.enc}</usr
/local/share/miktex-texmf/fonts/type1/public/amsfonts/cm/cmex10.pfb></usr/local
/share/miktex-texmf/fonts/type1/public/amsfonts/cm/cmmi10.pfb></usr/local/share
/miktex-texmf/fonts/type1/public/amsfonts/cm/cmmi8.pfb></usr/local/share/miktex
-texmf/fonts/type1/public/amsfonts/cm/cmss10.pfb></usr/local/share/miktex-texmf
/fonts/type1/public/amsfonts/cm/cmss8.pfb></usr/local/share/miktex-texmf/fonts/
type1/public/amsfonts/cm/cmssi10.pfb></usr/local/share/miktex-texmf/fonts/type1
/public/amsfonts/cm/cmssi8.pfb></usr/local/share/miktex-texmf/fonts/type1/publi
c/amsfonts/cm/cmsy10.pfb></usr/local/share/miktex-texmf/fonts/type1/public/amsf
onts/cm/cmsy6.pfb></usr/local/share/miktex-texmf/fonts/type1/public/amsfonts/cm
/cmsy7.pfb></usr/local/share/miktex-texmf/fonts/type1/public/amsfonts/cm/cmsy8.
pfb></usr/local/share/miktex-texmf/fonts/type1/public/amsfonts/symbols/msam10.p
fb></usr/local/share/miktex-texmf/fonts/type1/public/cm-super/sfsi1095.pfb></us
r/local/share/miktex-texmf/fonts/type1/public/cm-super/sfss0600.pfb></usr/local
/share/miktex-texmf/fonts/type1/public/cm-super/sfss0800.pfb></usr/local/share/
miktex-texmf/fonts/type1/public/cm-super/sfss1000.pfb></usr/local/share/miktex-
texmf/fonts/type1/public/cm-super/sfss1095.pfb></usr/local/share/miktex-texmf/f
onts/type1/public/cm-super/sfss1200.pfb></usr/local/share/miktex-texmf/fonts/ty
pe1/public/cm-super/sfss1440.pfb></usr/local/share/miktex-texmf/fonts/type1/pub
lic/cm-super/sfss2488.pfb></usr/local/share/miktex-texmf/fonts/type1/public/cm-
super/sfsx1095.pfb>
Output written on apresentacao.pdf (34 pages, 1004406 bytes).
PDF statistics:
 572 PDF objects out of 1000 (max. 8388607)
 77 named destinations out of 1000 (max. 500000)
 279 words of extra memory for PDF output out of 10000 (max. 10000000)

